<!DOCTYPE html>
<html>
<head>
    <title>Test Run Report</title>
    <style>
        body { font-family: Arial, sans-serif; margin: 40px; }
        .report-container { border: 1px solid #ccc; padding: 20px; border-radius: 8px; }
        .status-COMPLETED { color: green; font-weight: bold; }
        .status-FAILED { color: red; font-weight: bold; }
        .screenshot { max-width: 100%; border: 1px solid #ddd; margin-top: 20px; }
        .section { margin-top: 20px; border-top: 1px solid #eee; padding-top: 10px; }
        table { width: 100%; border-collapse: collapse; margin-top: 10px; }
        table, th, td { border: 1px solid #ddd; }
        th, td { padding: 8px; text-align: left; }
        th { background-color: #f2f2f2; }
        .test-details { background-color: #f9f9f9; padding: 15px; border-radius: 5px; margin-top: 15px; }
    </style>
</head>
<body>
    <div class="report-container">
        <h1>Test Run Report</h1>

        <!-- Test Summary Section -->
        <div class="section">
            <h2>Test Summary</h2>
            <table>
                <tr>
                    <th>Status</th>
                    <td><span class="status-FAILED">FAILED</span></td>
                </tr>
                <tr>
                    <th>Test Type</th>
                    <td>UI</td>
                </tr>
                <tr>
                    <th>Description</th>
                    <td>UI Smoke Test - Verify Google homepage loads and has correct title</td>
                </tr>
                <tr>
                    <th>Failed Tests</th>
                    <td>1</td>
                </tr>
                <tr>
                    <th>Error Message</th>
                    <td>Could not start a new session. Response code 500. Message: Could not start a new session. Error while creating session with the driver service. Stopping driver service: Could not start a new session. Response code 500. Message: session not created: DevToolsActivePort file doesn&#39;t exist 
Host info: host: &#39;selenium&#39;, ip: &#39;172.18.0.3&#39;
Build info: version: &#39;4.38.0&#39;, revision: &#39;6b412e825c&#39;
System info: os.name: &#39;Linux&#39;, os.arch: &#39;amd64&#39;, os.version: &#39;5.15.167.4-microsoft-standard-WSL2&#39;, java.version: &#39;21.0.8&#39;
Driver info: driver.version: unknown
Build info: version: &#39;4.38.0&#39;, revision: &#39;6b412e825c&#39;
System info: os.name: &#39;Linux&#39;, os.arch: &#39;amd64&#39;, os.version: &#39;5.15.167.4-microsoft-standard-WSL2&#39;, java.version: &#39;21.0.8&#39;
Driver info: driver.version: unknown
Build info: version: &#39;4.31.0&#39;, revision: &#39;1ef9f18787*&#39;
System info: os.name: &#39;Linux&#39;, os.arch: &#39;amd64&#39;, os.version: &#39;5.15.167.4-microsoft-standard-WSL2&#39;, java.version: &#39;21.0.8&#39;
Driver info: org.openqa.selenium.remote.RemoteWebDriver
Command: [null, newSession {capabilities=[Capabilities {browserName: chrome, goog:chromeOptions: {args: [], extensions: []}}]}]
Capabilities {browserName: chrome, goog:chromeOptions: {args: [], extensions: []}}</td>
                </tr>
            </table>
        </div>

        <!-- Test Details Section -->
        <div class="section">
            <h2>Test Details</h2>
            <div class="test-details">
                <p><strong>URL Tested:</strong> <span>https://www.google.com</span></p>
                <p><strong>Parameters:</strong> <span>None</span></p>
                <p><strong>Start Time:</strong> <span>2025-11-08T17:47:05.284789376</span></p>
                <p><strong>End Time:</strong> <span>2025-11-08T17:49:02.628716480</span></p>
                <p><strong>Duration:</strong> <span>117.343 seconds</span></p>
            </div>
        </div>

        <!-- Failure Screenshot Section (if available) -->
        
    </div>
</body>
</html>
